<?xml version="1.0" encoding="UTF-8"?>
<!-- Generated by org.testng.reporters.JUnitReportReporter -->
<testsuite hostname="ADVI" failures="0" tests="1" name="JpetStoreTests.LoginTest" time="14.402" errors="0" timestamp="2025-02-14T17:56:08 IST" skipped="0">
  <testcase classname="JpetStoreTests.LoginTest" name="registrationForm" time="14.402">
    <system-out>
      <![CDATA[SignIn is clicked
Username :: adminYEMdDwzg0N
Account Successfully Created
ActualMsg:: Welcome Michael! :: + ExpectedMsg:: Welcome Michael!]]>
    </system-out>
  </testcase> <!-- registrationForm -->
  <system-out>
    <![CDATA[SignIn is clicked
Username :: adminYEMdDwzg0N
Account Successfully Created
ActualMsg:: Welcome Michael! :: + ExpectedMsg:: Welcome Michael!
Thank you, your order has been submitted.]]>
  </system-out>
</testsuite> <!-- JpetStoreTests.LoginTest -->
