<?xml version="1.0" encoding="UTF-8"?>
<!-- Generated by org.testng.reporters.JUnitReportReporter -->
<testsuite hostname="ADVI" failures="0" tests="1" name="ExtentTest.GoogleDemo" time="8.432" errors="0" timestamp="2025-02-08T12:30:22 IST" skipped="0">
  <testcase classname="ExtentTest.GoogleDemo" name="search" time="8.432"/>
</testsuite> <!-- ExtentTest.GoogleDemo -->
