<?xml version="1.0" encoding="UTF-8"?>
<!-- Generated by org.testng.reporters.JUnitReportReporter -->
<testsuite hostname="ADVI" failures="0" tests="1" name="JpetStoreTests.LoginTest" time="20.335" errors="0" timestamp="2025-02-08T14:18:38 IST" skipped="0">
  <testcase classname="JpetStoreTests.LoginTest" name="registrationForm" time="20.335">
    <system-out>
      <![CDATA[SignIn is clicked
Username :: adminMNL5Hjzjmf
Account Successfully Created
ActualMsg:: Welcome Michael! :: + ExpectedMsg:: Welcome Michael!]]>
    </system-out>
  </testcase> <!-- registrationForm -->
  <system-out>
    <![CDATA[SignIn is clicked
Username :: adminMNL5Hjzjmf
Account Successfully Created
ActualMsg:: Welcome Michael! :: + ExpectedMsg:: Welcome Michael!]]>
  </system-out>
</testsuite> <!-- JpetStoreTests.LoginTest -->
