<?xml version="1.0" encoding="UTF-8"?>
<!-- Generated by org.testng.reporters.JUnitReportReporter -->
<testsuite hostname="ADVI" failures="0" tests="1" name="JPetStorePages.HomePage" time="0.005" errors="0" timestamp="2025-02-06T18:06:36 IST" skipped="0">
  <testcase classname="JPetStorePages.HomePage" name="rediffLogin" time="0.005"/>
</testsuite> <!-- JPetStorePages.HomePage -->
