<?xml version="1.0" encoding="UTF-8"?>
<!-- Generated by org.testng.reporters.JUnitReportReporter -->
<testsuite hostname="ADVI" failures="0" tests="2" name="JpetStoreTests.BuyFishProduct" time="30.104" errors="0" timestamp="2025-02-08T15:52:18 IST" skipped="0">
  <testcase classname="JpetStoreTests.BuyFishProduct" name="loginAndClickOnFishProduct" time="6.132"/>
  <testcase classname="JpetStoreTests.BuyFishProduct" name="addAngelFishToCart" time="23.972">
    <system-out>
      <![CDATA[Thank you, your order has been submitted.]]>
    </system-out>
  </testcase> <!-- addAngelFishToCart -->
  <system-out>
    <![CDATA[Thank you, your order has been submitted.]]>
  </system-out>
</testsuite> <!-- JpetStoreTests.BuyFishProduct -->
