<?xml version="1.0" encoding="UTF-8"?>
<!-- Generated by org.testng.reporters.JUnitReportReporter -->
<testsuite hostname="ADVI" failures="0" tests="2" name="JpetStoreTests.BuyFishProduct" time="24.970" errors="0" timestamp="2025-02-08T10:14:25 IST" skipped="0">
  <testcase classname="JpetStoreTests.BuyFishProduct" name="loginAndClickOnFishProduct" time="5.792"/>
  <testcase classname="JpetStoreTests.BuyFishProduct" name="addAngelFishToCart" time="19.178">
    <system-out>
      <![CDATA[Thank you, your order has been submitted.]]>
    </system-out>
  </testcase> <!-- addAngelFishToCart -->
  <system-out>
    <![CDATA[SignIn is clicked
Username :: admina0tnc5yI8h
Account Successfully Created
ActualMsg:: Welcome Michael! :: + ExpectedMsg:: Welcome Michael!
Thank you, your order has been submitted.]]>
  </system-out>
</testsuite> <!-- JpetStoreTests.BuyFishProduct -->
