<?xml version="1.0" encoding="UTF-8"?>
<!-- Generated by org.testng.reporters.JUnitReportReporter -->
<testsuite hostname="ADVI" failures="0" tests="2" name="JpetStoreTests.BuyFishProduct" time="24.868" errors="0" timestamp="2025-02-08T16:12:43 IST" skipped="0">
  <testcase classname="JpetStoreTests.BuyFishProduct" name="loginAndClickOnFishProduct" time="5.998"/>
  <testcase classname="JpetStoreTests.BuyFishProduct" name="addAngelFishToCart" time="18.870">
    <system-out>
      <![CDATA[Thank you, your order has been submitted.]]>
    </system-out>
  </testcase> <!-- addAngelFishToCart -->
  <system-out>
    <![CDATA[SignIn is clicked
Username :: adminPPEtU8UzNP
Account Successfully Created
ActualMsg:: Welcome Michael! :: + ExpectedMsg:: Welcome Michael!
Thank you, your order has been submitted.]]>
  </system-out>
</testsuite> <!-- JpetStoreTests.BuyFishProduct -->
